<?xml version="1.0" encoding="UTF-8"?>
<!-- Generated by org.testng.reporters.JUnitXMLReporter -->
<testsuite hostname="USER-PC" name="Default test" tests="4" failures="0" timestamp="3 Aug 2018 16:27:46 GMT" time="29.593" errors="0">
  <testcase name="VerifyLogin" time="2.672" classname="common.testcase.VerifyFunction"/>
  <testcase name="VerifyCustomerPage" time="4.976" classname="common.testcase.VerifyFunction"/>
  <testcase name="VerifyAccountPage" time="4.737" classname="common.testcase.VerifyFunction"/>
  <testcase name="VerifyWithdrawalPage" time="2.361" classname="common.testcase.VerifyFunction"/>
</testsuite> <!-- Default test -->
